{"level":"error","message":"Invalid data","timestamp":"2022-10-03T04:44:37.080Z"}
{"level":"error","message":"Invalid data","timestamp":"2022-10-03T04:44:37.366Z"}
{"level":"error","message":"Invalid data","timestamp":"2022-10-03T04:45:35.211Z"}
{"level":"error","message":"Error updating the user","timestamp":"2022-10-03T04:45:35.211Z"}
{"level":"error","message":"Invalid data","timestamp":"2022-10-03T04:45:46.163Z"}
{"level":"error","message":"Error updating the user","timestamp":"2022-10-03T04:45:46.163Z"}
{"level":"error","message":"Error updating the user","timestamp":"2022-10-03T04:45:46.163Z"}
{"level":"error","message":"Invalid data","timestamp":"2022-10-03T04:46:25.435Z"}
{"level":"error","message":"Error updating the user","timestamp":"2022-10-03T04:46:25.435Z"}
{"level":"error","message":"Error deleting the user","timestamp":"2022-10-03T04:46:25.435Z"}
{"level":"error","message":"Error getting the user","timestamp":"2022-10-03T04:46:25.435Z"}
{"level":"error","message":"Invalid data","timestamp":"2022-10-03T04:47:08.115Z"}
{"level":"error","message":"Error updating the user","timestamp":"2022-10-03T04:47:08.115Z"}
{"level":"error","message":"Error deleting the user","timestamp":"2022-10-03T04:47:08.115Z"}
{"level":"error","message":"Error getting the user","timestamp":"2022-10-03T04:47:08.115Z"}
{"level":"error","message":"Invalid data","timestamp":"2022-10-03T04:51:36.639Z"}
{"level":"error","message":"Error adding user","timestamp":"2022-10-03T04:51:36.940Z"}
{"level":"error","message":"Error deleting the users","timestamp":"2022-10-03T04:54:05.755Z"}
{"level":"error","message":"Error1 deleting the users","timestamp":"2022-10-03T04:55:51.890Z"}
{"level":"error","message":"Error1 deleting the users","timestamp":"2022-10-03T04:56:24.176Z"}
{"level":"error","message":"Error updating the user","timestamp":"2022-10-03T05:03:50.442Z"}
{"level":"error","message":"Error updating the user","timestamp":"2022-10-03T05:04:29.805Z"}
{"level":"error","message":"Invalid data","timestamp":"2022-10-03T05:06:25.381Z"}
{"level":"error","message":"Error adding user","timestamp":"2022-10-03T05:06:25.576Z"}
{"level":"error","message":"Invalid data","timestamp":"2022-10-03T05:10:12.739Z"}
{"level":"error","message":"Error adding user","timestamp":"2022-10-03T05:10:12.916Z"}
{"level":"error","message":"Invalid data","timestamp":"2022-10-03T05:10:45.845Z"}
{"level":"error","message":"Error adding user","timestamp":"2022-10-03T05:10:46.090Z"}
{"level":"error","message":"Invalid2 data","timestamp":"2022-10-03T05:11:29.422Z"}
{"level":"error","message":"Error adding user","timestamp":"2022-10-03T05:11:29.607Z"}
{"level":"error","message":"Invalid2 data","timestamp":"2022-10-03T05:15:06.602Z"}
{"level":"error","message":"Invalid2 data","timestamp":"2022-10-03T05:15:37.917Z"}
{"level":"error","message":"Error deleting the users","timestamp":"2022-10-03T05:26:58.766Z"}
{"level":"error","message":"Error deleting the users","timestamp":"2022-10-03T05:29:39.057Z"}
{"level":"error","message":"Error1 deleting the users","timestamp":"2022-10-03T05:30:24.235Z"}
{"level":"error","message":"Error2 deleting the users","timestamp":"2022-10-03T05:31:28.599Z"}
{"level":"error","message":"Error1 getting the list of users","timestamp":"2022-10-03T05:36:05.228Z"}
{"level":"error","message":"Error1 adding user","timestamp":"2022-10-03T05:37:12.208Z"}
{"level":"error","message":"Error1 adding user","timestamp":"2022-10-03T05:37:15.158Z"}
{"level":"error","message":"Error adding user","timestamp":"2022-10-03T05:40:54.924Z"}
{"level":"error","message":"Error adding user","timestamp":"2022-10-03T05:40:56.853Z"}
{"level":"error","message":"Error getting the list of users","timestamp":"2022-10-03T05:44:11.129Z"}
{"level":"error","message":"Error getting the list of users","timestamp":"2022-10-03T05:48:28.282Z"}
{"level":"error","message":"Error adding user","timestamp":"2022-10-03T05:48:53.123Z"}
{"level":"error","message":"Error updating the user","timestamp":"2022-10-03T05:49:41.353Z"}
{"level":"error","message":"Error2 deleting the users","timestamp":"2022-10-03T05:52:11.362Z"}
{"level":"error","message":"Error2 deleting the users","timestamp":"2022-10-03T06:07:37.877Z"}
{"level":"error","message":"Error2 deleting the users","timestamp":"2022-10-03T06:08:20.373Z"}
{"level":"error","message":"Error getting the list of users","timestamp":"2022-10-03T08:03:16.835Z"}
