{"level":"info","message":"Successfully goth the list of users","timestamp":"2022-10-03T04:20:17.100Z"}
{"level":"info","message":"Successfully goth the list of users","timestamp":"2022-10-03T04:23:29.486Z"}
{"level":"info","message":"Successfully got the list of users","timestamp":"2022-10-03T04:36:48.696Z"}
{"level":"info","message":"Successfully got the added of user","timestamp":"2022-10-03T04:37:23.397Z"}
{"level":"info","message":"Successfully got the list of users","timestamp":"2022-10-03T04:51:03.887Z"}
{"level":"error","message":"Invalid data","timestamp":"2022-10-03T04:51:36.639Z"}
{"level":"error","message":"Error adding user","timestamp":"2022-10-03T04:51:36.939Z"}
{"level":"error","message":"Error deleting the users","timestamp":"2022-10-03T04:54:05.755Z"}
{"level":"error","message":"Error1 deleting the users","timestamp":"2022-10-03T04:55:51.890Z"}
{"level":"error","message":"Error1 deleting the users","timestamp":"2022-10-03T04:56:24.175Z"}
{"level":"info","message":"Successfully deleted the user","timestamp":"2022-10-03T05:00:27.849Z"}
{"level":"error","message":"Error updating the user","timestamp":"2022-10-03T05:03:50.442Z"}
{"level":"error","message":"Error updating the user","timestamp":"2022-10-03T05:04:29.805Z"}
{"level":"info","message":"Successfully got the list of users","timestamp":"2022-10-03T05:05:59.869Z"}
{"level":"error","message":"Invalid data","timestamp":"2022-10-03T05:06:25.381Z"}
{"level":"error","message":"Error adding user","timestamp":"2022-10-03T05:06:25.575Z"}
{"level":"info","message":"Successfully got the added of user","timestamp":"2022-10-03T05:06:25.576Z"}
{"level":"info","message":"Successfully got the list of users","timestamp":"2022-10-03T05:07:23.010Z"}
{"level":"info","message":"Successfully got the list of users","timestamp":"2022-10-03T05:07:41.340Z"}
{"level":"info","message":"Successfully got the list of users","timestamp":"2022-10-03T05:07:56.800Z"}
{"level":"info","message":"Successfully got the list of users","timestamp":"2022-10-03T05:08:09.513Z"}
{"level":"error","message":"Invalid data","timestamp":"2022-10-03T05:10:12.739Z"}
{"level":"error","message":"Error adding user","timestamp":"2022-10-03T05:10:12.916Z"}
{"level":"error","message":"Invalid data","timestamp":"2022-10-03T05:10:45.845Z"}
{"level":"error","message":"Error adding user","timestamp":"2022-10-03T05:10:46.090Z"}
{"level":"error","message":"Invalid2 data","timestamp":"2022-10-03T05:11:29.421Z"}
{"level":"error","message":"Error adding user","timestamp":"2022-10-03T05:11:29.606Z"}
{"level":"error","message":"Invalid2 data","timestamp":"2022-10-03T05:15:06.602Z"}
{"level":"error","message":"Invalid2 data","timestamp":"2022-10-03T05:15:37.917Z"}
{"level":"info","message":"Successfully got the added of user","timestamp":"2022-10-03T05:18:36.216Z"}
{"level":"info","message":"Successfully got the list of users","timestamp":"2022-10-03T05:20:39.723Z"}
{"level":"info","message":"Successfully got the list of users","timestamp":"2022-10-03T05:26:40.481Z"}
{"level":"error","message":"Error deleting the users","timestamp":"2022-10-03T05:26:58.766Z"}
{"level":"error","message":"Error deleting the users","timestamp":"2022-10-03T05:29:39.056Z"}
{"level":"error","message":"Error1 deleting the users","timestamp":"2022-10-03T05:30:24.234Z"}
{"level":"error","message":"Error2 deleting the users","timestamp":"2022-10-03T05:31:28.599Z"}
{"level":"error","message":"Error1 getting the list of users","timestamp":"2022-10-03T05:36:05.226Z"}
{"level":"info","message":"Successfully got the list of users","timestamp":"2022-10-03T05:36:05.228Z"}
{"level":"error","message":"Error1 adding user","timestamp":"2022-10-03T05:37:12.206Z"}
{"level":"info","message":"Successfully got the added of user","timestamp":"2022-10-03T05:37:12.208Z"}
{"level":"error","message":"Error1 adding user","timestamp":"2022-10-03T05:37:15.157Z"}
{"level":"info","message":"Successfully got the added of user","timestamp":"2022-10-03T05:37:15.158Z"}
{"level":"error","message":"Error adding user","timestamp":"2022-10-03T05:40:54.923Z"}
{"level":"info","message":"Successfully added the user","timestamp":"2022-10-03T05:40:54.925Z"}
{"level":"error","message":"Error adding user","timestamp":"2022-10-03T05:40:56.853Z"}
{"level":"info","message":"Successfully added the user","timestamp":"2022-10-03T05:40:56.854Z"}
{"level":"error","message":"Error getting the list of users","timestamp":"2022-10-03T05:44:11.128Z"}
{"level":"info","message":"Successfully got the list of users","timestamp":"2022-10-03T05:44:11.129Z"}
{"level":"error","message":"Error getting the list of users","timestamp":"2022-10-03T05:48:28.281Z"}
{"level":"info","message":"Successfully got the list of users","timestamp":"2022-10-03T05:48:28.282Z"}
{"level":"error","message":"Error adding user","timestamp":"2022-10-03T05:48:53.123Z"}
{"level":"info","message":"Successfully added the user","timestamp":"2022-10-03T05:48:53.124Z"}
{"level":"error","message":"Error updating the user","timestamp":"2022-10-03T05:49:41.352Z"}
{"level":"info","message":"Successfully the updated of user","timestamp":"2022-10-03T05:50:39.514Z"}
{"level":"info","message":"Successfully deleted the user","timestamp":"2022-10-03T05:51:00.607Z"}
{"level":"info","message":"Successfully deleted the user","timestamp":"2022-10-03T05:52:04.440Z"}
{"level":"error","message":"Error2 deleting the users","timestamp":"2022-10-03T05:52:11.362Z"}
{"level":"error","message":"Error2 deleting the users","timestamp":"2022-10-03T06:07:37.876Z"}
{"level":"error","message":"Error2 deleting the users","timestamp":"2022-10-03T06:08:20.371Z"}
{"level":"error","message":"Error getting the list of users","timestamp":"2022-10-03T08:03:16.834Z"}
{"level":"info","message":"Successfully got the list of users","timestamp":"2022-10-03T08:03:16.836Z"}
{"level":"info","message":"Testing began","timestamp":"2022-10-03T08:11:01.147Z"}
{"level":"info","message":"Testing began","timestamp":"2022-10-03T08:11:09.322Z"}
